[0m02:30:49.423663 [debug] [MainThread]: Sending event: {'category': 'dbt', 'action': 'invocation', 'label': 'start', 'context': [<snowplow_tracker.self_describing_json.SelfDescribingJson object at 0x7f33cba657f0>, <snowplow_tracker.self_describing_json.SelfDescribingJson object at 0x7f33cf3ac2d0>, <snowplow_tracker.self_describing_json.SelfDescribingJson object at 0x7f33cb0e8410>]}


============================== 02:30:49.462610 | d85bea93-a04c-4d78-a6ba-5f3dd78a81ec ==============================
[0m02:30:49.462610 [info ] [MainThread]: Running with dbt=1.10.13
[0m02:30:49.463377 [debug] [MainThread]: running dbt with arguments {'static_parser': 'True', 'fail_fast': 'False', 'debug': 'False', 'introspect': 'True', 'quiet': 'False', 'empty': 'None', 'no_print': 'None', 'cache_selected_only': 'False', 'warn_error': 'None', 'log_format': 'default', 'partial_parse': 'True', 'log_cache_events': 'False', 'use_experimental_parser': 'False', 'use_colors': 'True', 'write_json': 'True', 'log_path': 'logs', 'warn_error_options': 'WarnErrorOptionsV2(error=[], warn=[], silence=[])', 'profiles_dir': '/home/ruantos/.dbt', 'version_check': 'True', 'indirect_selection': 'eager', 'send_anonymous_usage_stats': 'True', 'target_path': 'None', 'printer_width': '80', 'invocation_command': 'dbt init dbt_project'}
[0m02:30:49.510044 [info ] [MainThread]: Creating dbt configuration folder at /home/ruantos/.dbt
[0m02:30:49.512043 [debug] [MainThread]: Starter project path: /home/ruantos/.cache/pypoetry/virtualenvs/desafio-tech-l5L7q5e5-py3.13/lib/python3.13/site-packages/dbt/include/starter_project
[0m02:30:49.516517 [info ] [MainThread]: 
Your new dbt project "dbt_project" was created!

For more information on how to configure the profiles.yml file,
please consult the dbt documentation here:

  https://docs.getdbt.com/docs/configure-your-profile

One more thing:

Need help? Don't hesitate to reach out to us via GitHub issues or on Slack:

  https://community.getdbt.com/

Happy modeling!

[0m02:30:49.516977 [info ] [MainThread]: Setting up your profile.
[0m02:31:12.422909 [info ] [MainThread]: Profile dbt_project written to /home/ruantos/.dbt/profiles.yml using target's sample configuration. Once updated, you'll be able to start developing with dbt.
[0m02:31:12.462071 [debug] [MainThread]: Resource report: {"command_name": "init", "command_success": true, "command_wall_clock_time": 23.100666, "process_in_blocks": "5912", "process_kernel_time": 0.348324, "process_mem_max_rss": "160244", "process_out_blocks": "32024", "process_user_time": 4.475179}
[0m02:31:12.464083 [debug] [MainThread]: Command `dbt init` succeeded at 02:31:12.463658 after 23.10 seconds
[0m02:31:12.465515 [debug] [MainThread]: Sending event: {'category': 'dbt', 'action': 'invocation', 'label': 'end', 'context': [<snowplow_tracker.self_describing_json.SelfDescribingJson object at 0x7f33ca9d3820>, <snowplow_tracker.self_describing_json.SelfDescribingJson object at 0x7f33cba86d50>, <snowplow_tracker.self_describing_json.SelfDescribingJson object at 0x7f33ca6cabe0>]}
[0m02:31:12.467138 [debug] [MainThread]: Flushing usage events
[0m02:31:13.385455 [debug] [MainThread]: An error was encountered while trying to flush usage events
[0m03:30:11.352129 [debug] [MainThread]: Sending event: {'category': 'dbt', 'action': 'invocation', 'label': 'start', 'context': [<snowplow_tracker.self_describing_json.SelfDescribingJson object at 0x7f4163043b60>, <snowplow_tracker.self_describing_json.SelfDescribingJson object at 0x7f4166963250>, <snowplow_tracker.self_describing_json.SelfDescribingJson object at 0x7f4162578050>]}


============================== 03:30:11.356500 | b8658e4f-345c-494c-bef3-247c1c6a96cc ==============================
[0m03:30:11.356500 [info ] [MainThread]: Running with dbt=1.10.13
[0m03:30:11.357082 [debug] [MainThread]: running dbt with arguments {'send_anonymous_usage_stats': 'True', 'invocation_command': 'dbt debug', 'version_check': 'True', 'profiles_dir': '/home/ruantos/.dbt', 'log_cache_events': 'False', 'warn_error_options': 'WarnErrorOptionsV2(error=[], warn=[], silence=[])', 'printer_width': '80', 'indirect_selection': 'eager', 'log_path': '/home/ruantos/Projects/desafio-tech/logs', 'introspect': 'True', 'log_format': 'default', 'fail_fast': 'False', 'write_json': 'True', 'warn_error': 'None', 'quiet': 'False', 'use_experimental_parser': 'False', 'no_print': 'None', 'debug': 'False', 'partial_parse': 'True', 'static_parser': 'True', 'empty': 'None', 'cache_selected_only': 'False', 'use_colors': 'True', 'target_path': 'None'}
[0m03:30:11.368828 [info ] [MainThread]: dbt version: 1.10.13
[0m03:30:11.369427 [info ] [MainThread]: python version: 3.13.7
[0m03:30:11.369947 [info ] [MainThread]: python path: /home/ruantos/.cache/pypoetry/virtualenvs/desafio-tech-7M237pJq-py3.13/bin/python
[0m03:30:11.370369 [info ] [MainThread]: os info: Linux-6.12.48-1-MANJARO-x86_64-with-glibc2.42
[0m03:30:11.493696 [info ] [MainThread]: Using profiles dir at /home/ruantos/.dbt
[0m03:30:11.494151 [info ] [MainThread]: Using profiles.yml file at /home/ruantos/.dbt/profiles.yml
[0m03:30:11.494615 [info ] [MainThread]: Using dbt_project.yml file at /home/ruantos/Projects/desafio-tech/dbt_project.yml
[0m03:30:11.496291 [info ] [MainThread]: adapter type: duckdb
[0m03:30:11.497204 [info ] [MainThread]: adapter version: 1.9.6
[0m03:30:11.614773 [info ] [MainThread]: Configuration:
[0m03:30:11.615222 [info ] [MainThread]:   profiles.yml file [[32mOK found and valid[0m]
[0m03:30:11.615685 [info ] [MainThread]:   dbt_project.yml file [[32mOK found and valid[0m]
[0m03:30:11.616286 [info ] [MainThread]: Required dependencies:
[0m03:30:11.616981 [debug] [MainThread]: Executing "git --help"
[0m03:30:11.620933 [debug] [MainThread]: STDOUT: "b"usage: git [-v | --version] [-h | --help] [-C <path>] [-c <name>=<value>]\n           [--exec-path[=<path>]] [--html-path] [--man-path] [--info-path]\n           [-p | --paginate | -P | --no-pager] [--no-replace-objects] [--no-lazy-fetch]\n           [--no-optional-locks] [--no-advice] [--bare] [--git-dir=<path>]\n           [--work-tree=<path>] [--namespace=<name>] [--config-env=<name>=<envvar>]\n           <command> [<args>]\n\nThese are common Git commands used in various situations:\n\nstart a working area (see also: git help tutorial)\n   clone      Clone a repository into a new directory\n   init       Create an empty Git repository or reinitialize an existing one\n\nwork on the current change (see also: git help everyday)\n   add        Add file contents to the index\n   mv         Move or rename a file, a directory, or a symlink\n   restore    Restore working tree files\n   rm         Remove files from the working tree and from the index\n\nexamine the history and state (see also: git help revisions)\n   bisect     Use binary search to find the commit that introduced a bug\n   diff       Show changes between commits, commit and working tree, etc\n   grep       Print lines matching a pattern\n   log        Show commit logs\n   show       Show various types of objects\n   status     Show the working tree status\n\ngrow, mark and tweak your common history\n   backfill   Download missing objects in a partial clone\n   branch     List, create, or delete branches\n   commit     Record changes to the repository\n   merge      Join two or more development histories together\n   rebase     Reapply commits on top of another base tip\n   reset      Reset current HEAD to the specified state\n   switch     Switch branches\n   tag        Create, list, delete or verify a tag object signed with GPG\n\ncollaborate (see also: git help workflows)\n   fetch      Download objects and refs from another repository\n   pull       Fetch from and integrate with another repository or a local branch\n   push       Update remote refs along with associated objects\n\n'git help -a' and 'git help -g' list available subcommands and some\nconcept guides. See 'git help <command>' or 'git help <concept>'\nto read about a specific subcommand or concept.\nSee 'git help git' for an overview of the system.\n""
[0m03:30:11.622204 [debug] [MainThread]: STDERR: "b''"
[0m03:30:11.622883 [info ] [MainThread]:  - git [[32mOK found[0m]

[0m03:30:11.623621 [info ] [MainThread]: Connection:
[0m03:30:11.624128 [info ] [MainThread]:   database: acidentes_de_transito
[0m03:30:11.624700 [info ] [MainThread]:   schema: main
[0m03:30:11.625111 [info ] [MainThread]:   path: data/acidentes_de_transito.bd
[0m03:30:11.625460 [info ] [MainThread]:   config_options: None
[0m03:30:11.625886 [info ] [MainThread]:   extensions: None
[0m03:30:11.626247 [info ] [MainThread]:   settings: {}
[0m03:30:11.626607 [info ] [MainThread]:   external_root: .
[0m03:30:11.626971 [info ] [MainThread]:   use_credential_provider: None
[0m03:30:11.627330 [info ] [MainThread]:   attach: None
[0m03:30:11.627699 [info ] [MainThread]:   filesystems: None
[0m03:30:11.628045 [info ] [MainThread]:   remote: None
[0m03:30:11.628392 [info ] [MainThread]:   plugins: None
[0m03:30:11.628741 [info ] [MainThread]:   disable_transactions: False
[0m03:30:11.629261 [info ] [MainThread]: Registered adapter: duckdb=1.9.6
[0m03:30:11.699296 [debug] [MainThread]: Acquiring new duckdb connection 'debug'
[0m03:30:11.728071 [debug] [MainThread]: Using duckdb connection "debug"
[0m03:30:11.728512 [debug] [MainThread]: On debug: select 1 as id
[0m03:30:11.728863 [debug] [MainThread]: Opening a new connection, currently in state init
[0m03:30:11.741377 [debug] [MainThread]: SQL status: OK in 0.012 seconds
[0m03:30:11.742544 [debug] [MainThread]: On debug: Close
[0m03:30:11.743021 [info ] [MainThread]:   Connection test: [[32mOK connection ok[0m]

[0m03:30:11.743400 [info ] [MainThread]: [32mAll checks passed![0m
[0m03:30:11.744415 [debug] [MainThread]: Resource report: {"command_name": "debug", "command_success": true, "command_wall_clock_time": 0.45319578, "process_in_blocks": "0", "process_kernel_time": 0.182754, "process_mem_max_rss": "163884", "process_out_blocks": "24", "process_user_time": 3.427266}
[0m03:30:11.745491 [debug] [MainThread]: Command `dbt debug` succeeded at 03:30:11.745044 after 0.45 seconds
[0m03:30:11.746438 [debug] [MainThread]: Connection 'debug' was properly closed.
[0m03:30:11.747300 [debug] [MainThread]: Sending event: {'category': 'dbt', 'action': 'invocation', 'label': 'end', 'context': [<snowplow_tracker.self_describing_json.SelfDescribingJson object at 0x7f416208a650>, <snowplow_tracker.self_describing_json.SelfDescribingJson object at 0x7f41630bfd10>, <snowplow_tracker.self_describing_json.SelfDescribingJson object at 0x7f4161d79040>]}
[0m03:30:11.748268 [debug] [MainThread]: Flushing usage events
[0m03:30:12.623490 [debug] [MainThread]: An error was encountered while trying to flush usage events
